The probability of 
-GYWU-244
   67
   33
-ACC patient
    1
   99
-pregnancy
   17
   83
-GYWU-613 -02
   27
   73
-GYWU-613-03
   19
   81
-GYWU 613-04
   84
   16
-GYWU-0613-05
   26
   74
-GYWU-0613-06
   76
   24
-GYBN-251-01
   68
   32
-GYBN-0251-02
   40
   60
-GYBN-0251-03
   83
   17
-GYBN-0251-04
   58
   42
-GYBN 231 - 01
   80
   20
-GYBN-0231 - 02
   50
   50
-GYBN-0231-03
   14
   86
-GYBN-0231-04
   79
   21
-GYBN-0231-05
   54
   46
-GYBN 230-01
   96
    4
-GYBN-0230-02
   100
     0
-GYBN-0230-03
   99
    1
-GYBN-0305-01
    1
   99
-PLWW2-0005-01
   71
   29
-PLWW2-012_01
   86
   14
-PLWW2-0013-01
   85
   15
-GRAT-0030
   53
   47
-GRAT-0038-01
    1
   99
-GRAT-0038-02
   76
   24
-GYWU-0511-01
   16
   84
-GYMU-0707-01
   24
   76
-ITTU-0089-01
    5
   95
-ITTU-0222
   74
   26
-ITTU-0224
   91
    9
-GYWU-724-01
   13
   87
-GYWU-724-02
   74
   26
-GYWU-724-03
   96
    4
-GYWU-0724-04
   99
    1
-GYWU-0724-05
   97
    3
-GYWU-0724-06
   97
    3
-GYWU-718 - 01
    1
   99
-GYWU-718 -02
   10
   90
-GYWU 718 -03
   10
   90
-GYWU-0718-04
   86
   14
-GYWU-0718-05
   66
   34
-GYWU-0718-06
   88
   12
-GYWU-0718-07
   64
   36
-GYWU-0718-08
   47
   53
-Ethan Staples
   80
   20
